<?xml version="1.0" encoding="UTF-8"?>
<!-- Generated by org.testng.reporters.JUnitXMLReporter -->
<testsuite hostname="samala-z01" ignored="0" name="Test" tests="5" failures="1" timestamp="2021-03-19T22:04:20 IST" time="170.875" errors="0">
  <testcase name="setup" time="22.89" classname="com.appium.test.pnclatest.App"/>
  <testcase name="enrollment" time="147.862" classname="com.appium.test.pnclatest.App">
    <failure type="java.lang.StringIndexOutOfBoundsException" message="String index out of range: -11">
      <![CDATA[java.lang.StringIndexOutOfBoundsException: String index out of range: -11
at java.lang.String.substring(String.java:1931)
at com.appium.test.pnclatest.App.enrollment(App.java:176)
at java.util.ArrayList.forEach(ArrayList.java:1257)
at com.appium.test.pnclatest.main.main(main.java:33)
... Removed 24 stack frames]]>
    </failure>
  </testcase> <!-- enrollment -->
  <testcase name="consolelogin" time="0.0" classname="com.appium.test.pnclatest.App">
    <skipped/>
  </testcase> <!-- consolelogin -->
  <testcase name="searchconnect" time="0.0" classname="com.appium.test.pnclatest.App">
    <skipped/>
  </testcase> <!-- searchconnect -->
  <testcase name="uninstallclient" time="0.0" classname="com.appium.test.pnclatest.App">
    <skipped/>
  </testcase> <!-- uninstallclient -->
</testsuite> <!-- Test -->
